{"numFailedTestSuites":0,"numFailedTests":0,"numPassedTestSuites":9,"numPassedTests":46,"numPendingTestSuites":0,"numPendingTests":0,"numRuntimeErrorTestSuites":0,"numTodoTests":0,"numTotalTestSuites":9,"numTotalTests":46,"openHandles":[],"snapshot":{"added":0,"didUpdate":false,"failure":false,"filesAdded":0,"filesRemoved":0,"filesRemovedList":[],"filesUnmatched":0,"filesUpdated":0,"matched":0,"total":0,"unchecked":0,"uncheckedKeysByFile":[],"unmatched":0,"updated":0},"startTime":1749536422914,"success":true,"testResults":[{"assertionResults":[{"ancestorTitles":["ChatPage"],"duration":155,"failureDetails":[],"failureMessages":[],"fullName":"ChatPage renders the chat page without errors","invocations":1,"location":null,"numPassingAsserts":1,"retryReasons":[],"status":"passed","title":"renders the chat page without errors"},{"ancestorTitles":["ChatPage"],"duration":19,"failureDetails":[],"failureMessages":[],"fullName":"ChatPage renders the message display area placeholder","invocations":1,"location":null,"numPassingAsserts":1,"retryReasons":[],"status":"passed","title":"renders the message display area placeholder"},{"ancestorTitles":["ChatPage"],"duration":20,"failureDetails":[],"failureMessages":[],"fullName":"ChatPage renders static example messages","invocations":1,"location":null,"numPassingAsserts":2,"retryReasons":[],"status":"passed","title":"renders static example messages"},{"ancestorTitles":["ChatPage"],"duration":50,"failureDetails":[],"failureMessages":[],"fullName":"ChatPage renders the message input field","invocations":1,"location":null,"numPassingAsserts":2,"retryReasons":[],"status":"passed","title":"renders the message input field"},{"ancestorTitles":["ChatPage"],"duration":157,"failureDetails":[],"failureMessages":[],"fullName":"ChatPage renders the send button","invocations":1,"location":null,"numPassingAsserts":2,"retryReasons":[],"status":"passed","title":"renders the send button"}],"endTime":1749536429235,"message":"","name":"/app/frontend/src/app/chat/__tests__/page.test.tsx","startTime":1749536427072,"status":"passed","summary":""},{"assertionResults":[{"ancestorTitles":["FlashcardReviewComponent"],"duration":273,"failureDetails":[],"failureMessages":[],"fullName":"FlashcardReviewComponent renders the first flashcard question and hides the answer","invocations":1,"location":null,"numPassingAsserts":4,"retryReasons":[],"status":"passed","title":"renders the first flashcard question and hides the answer"},{"ancestorTitles":["FlashcardReviewComponent"],"duration":106,"failureDetails":[],"failureMessages":[],"fullName":"FlashcardReviewComponent flips the flashcard to show the answer when \"Show Answer\" is clicked","invocations":1,"location":null,"numPassingAsserts":6,"retryReasons":[],"status":"passed","title":"flips the flashcard to show the answer when \"Show Answer\" is clicked"},{"ancestorTitles":["FlashcardReviewComponent"],"duration":159,"failureDetails":[],"failureMessages":[],"fullName":"FlashcardReviewComponent navigates to the next flashcard when a difficulty is chosen","invocations":1,"location":null,"numPassingAsserts":4,"retryReasons":[],"status":"passed","title":"navigates to the next flashcard when a difficulty is chosen"},{"ancestorTitles":["FlashcardReviewComponent"],"duration":88,"failureDetails":[],"failureMessages":[],"fullName":"FlashcardReviewComponent updates progress bar as cards are reviewed","invocations":1,"location":null,"numPassingAsserts":3,"retryReasons":[],"status":"passed","title":"updates progress bar as cards are reviewed"},{"ancestorTitles":["FlashcardReviewComponent"],"duration":138,"failureDetails":[],"failureMessages":[],"fullName":"FlashcardReviewComponent calls onComplete when all flashcards are reviewed","invocations":1,"location":null,"numPassingAsserts":7,"retryReasons":[],"status":"passed","title":"calls onComplete when all flashcards are reviewed"},{"ancestorTitles":["FlashcardReviewComponent"],"duration":1,"failureDetails":[],"failureMessages":[],"fullName":"FlashcardReviewComponent renders \"No flashcards\" message when flashcards array is empty","invocations":1,"location":null,"numPassingAsserts":1,"retryReasons":[],"status":"passed","title":"renders \"No flashcards\" message when flashcards array is empty"}],"endTime":1749536429741,"message":"","name":"/app/frontend/src/components/ai-tutor/__tests__/FlashcardReviewComponent.test.tsx","startTime":1749536427226,"status":"passed","summary":""},{"assertionResults":[{"ancestorTitles":["AITutorChat"],"duration":284,"failureDetails":[],"failureMessages":[],"fullName":"AITutorChat renders initial AI message with HomePageComponent","invocations":1,"location":null,"numPassingAsserts":3,"retryReasons":[],"status":"passed","title":"renders initial AI message with HomePageComponent"},{"ancestorTitles":["AITutorChat"],"duration":1340,"failureDetails":[],"failureMessages":[],"fullName":"AITutorChat allows user to send a text message and receives a generic AI reply","invocations":1,"location":null,"numPassingAsserts":2,"retryReasons":[],"status":"passed","title":"allows user to send a text message and receives a generic AI reply"},{"ancestorTitles":["AITutorChat"],"duration":86,"failureDetails":[],"failureMessages":[],"fullName":"AITutorChat clicking \"Start New Track\" in HomePageComponent shows TrackExplorationComponent","invocations":1,"location":null,"numPassingAsserts":2,"retryReasons":[],"status":"passed","title":"clicking \"Start New Track\" in HomePageComponent shows TrackExplorationComponent"},{"ancestorTitles":["AITutorChat"],"duration":97,"failureDetails":[],"failureMessages":[],"fullName":"AITutorChat navigates to Progress tab and shows ProgressDashboardComponent","invocations":1,"location":null,"numPassingAsserts":2,"retryReasons":[],"status":"passed","title":"navigates to Progress tab and shows ProgressDashboardComponent"},{"ancestorTitles":["AITutorChat"],"duration":353,"failureDetails":[],"failureMessages":[],"fullName":"AITutorChat handles full flow from track selection to lesson start","invocations":1,"location":null,"numPassingAsserts":6,"retryReasons":[],"status":"passed","title":"handles full flow from track selection to lesson start"}],"endTime":1749536431013,"message":"","name":"/app/frontend/src/features/ai-tutor/__tests__/AITutorChat.test.tsx","startTime":1749536427183,"status":"passed","summary":""},{"assertionResults":[{"ancestorTitles":["LearningPreferencesComponent"],"duration":150,"failureDetails":[],"failureMessages":[],"fullName":"LearningPreferencesComponent renders without crashing","invocations":1,"location":null,"numPassingAsserts":1,"retryReasons":[],"status":"passed","title":"renders without crashing"},{"ancestorTitles":["LearningPreferencesComponent"],"duration":81,"failureDetails":[],"failureMessages":[],"fullName":"LearningPreferencesComponent renders time availability slider","invocations":1,"location":null,"numPassingAsserts":3,"retryReasons":[],"status":"passed","title":"renders time availability slider"},{"ancestorTitles":["LearningPreferencesComponent"],"duration":74,"failureDetails":[],"failureMessages":[],"fullName":"LearningPreferencesComponent renders learning style options","invocations":1,"location":null,"numPassingAsserts":4,"retryReasons":[],"status":"passed","title":"renders learning style options"},{"ancestorTitles":["LearningPreferencesComponent"],"duration":92,"failureDetails":[],"failureMessages":[],"fullName":"LearningPreferencesComponent renders goal options","invocations":1,"location":null,"numPassingAsserts":3,"retryReasons":[],"status":"passed","title":"renders goal options"},{"ancestorTitles":["LearningPreferencesComponent"],"duration":57,"failureDetails":[],"failureMessages":[],"fullName":"LearningPreferencesComponent allows selecting a learning style","invocations":1,"location":null,"numPassingAsserts":1,"retryReasons":[],"status":"passed","title":"allows selecting a learning style"},{"ancestorTitles":["LearningPreferencesComponent"],"duration":86,"failureDetails":[],"failureMessages":[],"fullName":"LearningPreferencesComponent allows selecting goals","invocations":1,"location":null,"numPassingAsserts":0,"retryReasons":[],"status":"passed","title":"allows selecting goals"},{"ancestorTitles":["LearningPreferencesComponent"],"duration":141,"failureDetails":[],"failureMessages":[],"fullName":"LearningPreferencesComponent submit button is disabled initially and enables after selections","invocations":1,"location":null,"numPassingAsserts":3,"retryReasons":[],"status":"passed","title":"submit button is disabled initially and enables after selections"},{"ancestorTitles":["LearningPreferencesComponent"],"duration":135,"failureDetails":[],"failureMessages":[],"fullName":"LearningPreferencesComponent calls onComplete with selected preferences on submit","invocations":1,"location":null,"numPassingAsserts":2,"retryReasons":[],"status":"passed","title":"calls onComplete with selected preferences on submit"},{"ancestorTitles":["LearningPreferencesComponent"],"duration":30,"failureDetails":[],"failureMessages":[],"fullName":"LearningPreferencesComponent updates time availability text when slider changes","invocations":1,"location":null,"numPassingAsserts":1,"retryReasons":[],"status":"passed","title":"updates time availability text when slider changes"}],"endTime":1749536431203,"message":"","name":"/app/frontend/src/components/ai-tutor/__tests__/LearningPreferencesComponent.test.tsx","startTime":1749536429290,"status":"passed","summary":""},{"assertionResults":[{"ancestorTitles":["InteractiveLessonComponent"],"duration":179,"failureDetails":[],"failureMessages":[],"fullName":"InteractiveLessonComponent renders initial lesson content, task, and code editor","invocations":1,"location":null,"numPassingAsserts":6,"retryReasons":[],"status":"passed","title":"renders initial lesson content, task, and code editor"},{"ancestorTitles":["InteractiveLessonComponent"],"duration":73,"failureDetails":[],"failureMessages":[],"fullName":"InteractiveLessonComponent allows user to type in the code editor","invocations":1,"location":null,"numPassingAsserts":1,"retryReasons":[],"status":"passed","title":"allows user to type in the code editor"},{"ancestorTitles":["InteractiveLessonComponent"],"duration":59,"failureDetails":[],"failureMessages":[],"fullName":"InteractiveLessonComponent calls mockApi.runCode and alerts result on \"Run Code\" button click (success)","invocations":1,"location":null,"numPassingAsserts":2,"retryReasons":[],"status":"passed","title":"calls mockApi.runCode and alerts result on \"Run Code\" button click (success)"},{"ancestorTitles":["InteractiveLessonComponent"],"duration":82,"failureDetails":[],"failureMessages":[],"fullName":"InteractiveLessonComponent calls mockApi.runCode and alerts error on \"Run Code\" button click (error)","invocations":1,"location":null,"numPassingAsserts":2,"retryReasons":[],"status":"passed","title":"calls mockApi.runCode and alerts error on \"Run Code\" button click (error)"},{"ancestorTitles":["InteractiveLessonComponent"],"duration":59,"failureDetails":[],"failureMessages":[],"fullName":"InteractiveLessonComponent calls mockApi.submitCode and alerts feedback on \"Submit\" button click (correct)","invocations":1,"location":null,"numPassingAsserts":3,"retryReasons":[],"status":"passed","title":"calls mockApi.submitCode and alerts feedback on \"Submit\" button click (correct)"},{"ancestorTitles":["InteractiveLessonComponent"],"duration":45,"failureDetails":[],"failureMessages":[],"fullName":"InteractiveLessonComponent calls mockApi.submitCode and alerts feedback on \"Submit\" button click (incorrect)","invocations":1,"location":null,"numPassingAsserts":3,"retryReasons":[],"status":"passed","title":"calls mockApi.submitCode and alerts feedback on \"Submit\" button click (incorrect)"}],"endTime":1749536431207,"message":"","name":"/app/frontend/src/components/ai-tutor/__tests__/InteractiveLessonComponent.test.tsx","startTime":1749536429858,"status":"passed","summary":""},{"assertionResults":[{"ancestorTitles":["ProgressDashboardComponent"],"duration":121,"failureDetails":[],"failureMessages":[],"fullName":"ProgressDashboardComponent renders without crashing and displays the main title","invocations":1,"location":null,"numPassingAsserts":1,"retryReasons":[],"status":"passed","title":"renders without crashing and displays the main title"},{"ancestorTitles":["ProgressDashboardComponent"],"duration":126,"failureDetails":[],"failureMessages":[],"fullName":"ProgressDashboardComponent displays all tracks with their names, progress, and status","invocations":1,"location":null,"numPassingAsserts":10,"retryReasons":[],"status":"passed","title":"displays all tracks with their names, progress, and status"},{"ancestorTitles":["ProgressDashboardComponent"],"duration":37,"failureDetails":[],"failureMessages":[],"fullName":"ProgressDashboardComponent displays recent achievements","invocations":1,"location":null,"numPassingAsserts":3,"retryReasons":[],"status":"passed","title":"displays recent achievements"},{"ancestorTitles":["ProgressDashboardComponent"],"duration":30,"failureDetails":[],"failureMessages":[],"fullName":"ProgressDashboardComponent calls onSelectTrack with the track name when a track card is clicked","invocations":1,"location":null,"numPassingAsserts":3,"retryReasons":[],"status":"passed","title":"calls onSelectTrack with the track name when a track card is clicked"},{"ancestorTitles":["ProgressDashboardComponent"],"duration":36,"failureDetails":[],"failureMessages":[],"fullName":"ProgressDashboardComponent calls onContinueLearning when the \"Continue Learning\" button is clicked","invocations":1,"location":null,"numPassingAsserts":1,"retryReasons":[],"status":"passed","title":"calls onContinueLearning when the \"Continue Learning\" button is clicked"}],"endTime":1749536432483,"message":"","name":"/app/frontend/src/components/ai-tutor/__tests__/ProgressDashboardComponent.test.tsx","startTime":1749536431237,"status":"passed","summary":""},{"assertionResults":[{"ancestorTitles":["TrackExplorationComponent"],"duration":107,"failureDetails":[],"failureMessages":[],"fullName":"TrackExplorationComponent renders the main title and track cards","invocations":1,"location":null,"numPassingAsserts":3,"retryReasons":[],"status":"passed","title":"renders the main title and track cards"},{"ancestorTitles":["TrackExplorationComponent"],"duration":231,"failureDetails":[],"failureMessages":[],"fullName":"TrackExplorationComponent displays details for each rendered track","invocations":1,"location":null,"numPassingAsserts":32,"retryReasons":[],"status":"passed","title":"displays details for each rendered track"},{"ancestorTitles":["TrackExplorationComponent"],"duration":114,"failureDetails":[],"failureMessages":[],"fullName":"TrackExplorationComponent calls onTrackSelect with the correct track data when a track card is clicked","invocations":1,"location":null,"numPassingAsserts":3,"retryReasons":[],"status":"passed","title":"calls onTrackSelect with the correct track data when a track card is clicked"}],"endTime":1749536432622,"message":"","name":"/app/frontend/src/components/ai-tutor/__tests__/TrackExplorationComponent.test.tsx","startTime":1749536431240,"status":"passed","summary":""},{"assertionResults":[{"ancestorTitles":["SkillAssessmentComponent"],"duration":248,"failureDetails":[],"failureMessages":[],"fullName":"SkillAssessmentComponent renders without crashing and displays the title","invocations":1,"location":null,"numPassingAsserts":1,"retryReasons":[],"status":"passed","title":"renders without crashing and displays the title"},{"ancestorTitles":["SkillAssessmentComponent"],"duration":198,"failureDetails":[],"failureMessages":[],"fullName":"SkillAssessmentComponent displays all skills with their initial levels and sliders","invocations":1,"location":null,"numPassingAsserts":9,"retryReasons":[],"status":"passed","title":"displays all skills with their initial levels and sliders"},{"ancestorTitles":["SkillAssessmentComponent"],"duration":133,"failureDetails":[],"failureMessages":[],"fullName":"SkillAssessmentComponent updates skill level and label when a slider is changed","invocations":1,"location":null,"numPassingAsserts":1,"retryReasons":[],"status":"passed","title":"updates skill level and label when a slider is changed"},{"ancestorTitles":["SkillAssessmentComponent"],"duration":149,"failureDetails":[],"failureMessages":[],"fullName":"SkillAssessmentComponent calls onComplete with the current skill levels when \"Continue Assessment\" is clicked","invocations":1,"location":null,"numPassingAsserts":2,"retryReasons":[],"status":"passed","title":"calls onComplete with the current skill levels when \"Continue Assessment\" is clicked"},{"ancestorTitles":["SkillAssessmentComponent"],"duration":64,"failureDetails":[],"failureMessages":[],"fullName":"SkillAssessmentComponent calls onComplete with updated skill levels after changes","invocations":1,"location":null,"numPassingAsserts":1,"retryReasons":[],"status":"passed","title":"calls onComplete with updated skill levels after changes"}],"endTime":1749536432669,"message":"","name":"/app/frontend/src/components/ai-tutor/__tests__/SkillAssessmentComponent.test.tsx","startTime":1749536431086,"status":"passed","summary":""},{"assertionResults":[{"ancestorTitles":["HomePageComponent"],"duration":31,"failureDetails":[],"failureMessages":[],"fullName":"HomePageComponent renders without crashing and contains a div element","invocations":1,"location":null,"numPassingAsserts":2,"retryReasons":[],"status":"passed","title":"renders without crashing and contains a div element"},{"ancestorTitles":["HomePageComponent"],"duration":21,"failureDetails":[],"failureMessages":[],"fullName":"HomePageComponent renders the \"Home Page\" heading","invocations":1,"location":null,"numPassingAsserts":1,"retryReasons":[],"status":"passed","title":"renders the \"Home Page\" heading"}],"endTime":1749536433440,"message":"","name":"/app/frontend/src/components/ai-tutor/__tests__/HomePageComponent.test.tsx","startTime":1749536432645,"status":"passed","summary":""}],"wasInterrupted":false}
